<?xml version="1.0" encoding="UTF-8"?>
<!-- Generated by org.testng.reporters.JUnitXMLReporter -->
<testsuite ignored="0" hostname="LPT1627-B1" failures="0" tests="3" name="Default test" time="10.102" errors="0" timestamp="2025-11-01T23:47:08 IST">
  <testcase classname="tests.DataDrivenTest" name="dataDrivenTest" time="3.246"/>
  <testcase classname="tests.DataDrivenTest" name="dataDrivenTest" time="1.172"/>
  <testcase classname="tests.DataDrivenTest" name="getResources" time="4.782"/>
</testsuite> <!-- Default test -->
