<?xml version="1.0" encoding="UTF-8"?>
<!-- Generated by org.testng.reporters.JUnitXMLReporter -->
<testsuite ignored="0" hostname="LPT1627-B1" failures="0" tests="12" name="Test" time="26.845" errors="0" timestamp="2025-11-02T15:35:34 IST">
  <testcase classname="tests.DataDrivenTest" name="dataDrivenTest" time="3.382"/>
  <testcase classname="tests.DataDrivenTest" name="dataDrivenTest" time="1.176"/>
  <testcase classname="tests.DataDrivenTest" name="getResources" time="4.295"/>
  <testcase classname="tests.BookingTests" name="createBookingTest" time="1.17"/>
  <testcase classname="tests.BookingTests" name="getResources" time="3.15"/>
  <testcase classname="tests.BookingTests" name="updateBooking" time="1.157"/>
  <testcase classname="tests.BookingTests" name="verifyBookingUpdated" time="1.137"/>
  <testcase classname="tests.BookingTests" name="deleteBooking" time="1.073"/>
  <testcase classname="tests.SerializationAndDeserializationProcess" name="convertPOJOtoJson" time="1.529"/>
  <testcase classname="tests.SerializationAndDeserializationProcess" name="getResources" time="3.182"/>
  <testcase classname="tests.JSONSchemaValidations" name="createBookingTest" time="1.132"/>
  <testcase classname="tests.JSONSchemaValidations" name="getResources" time="3.476"/>
</testsuite> <!-- Test -->
