<?xml version="1.0" encoding="UTF-8"?>
<!-- Generated by org.testng.reporters.JUnitReportReporter -->
<testsuite hostname="LPT1627-B1" failures="0" tests="5" name="tests.BookingTests" time="7.687" errors="0" timestamp="2025-11-02T15:35:34 IST" skipped="0">
  <testcase classname="tests.BookingTests" name="getResources" time="3.150"/>
  <testcase classname="tests.BookingTests" name="verifyBookingUpdated" time="1.137"/>
  <testcase classname="tests.BookingTests" name="createBookingTest" time="1.170"/>
  <testcase classname="tests.BookingTests" name="deleteBooking" time="1.073"/>
  <testcase classname="tests.BookingTests" name="updateBooking" time="1.157"/>
</testsuite> <!-- tests.BookingTests -->
