<?xml version="1.0" encoding="UTF-8"?>
<!-- Generated by org.testng.reporters.JUnitReportReporter -->
<testsuite hostname="LPT1627-B1" failures="0" tests="3" name="tests.DataDrivenTest" time="8.853" errors="0" timestamp="2025-11-02T15:35:34 IST" skipped="0">
  <testcase classname="tests.DataDrivenTest" name="dataDrivenTest" time="1.176"/>
  <testcase classname="tests.DataDrivenTest" name="dataDrivenTest" time="3.382"/>
  <testcase classname="tests.DataDrivenTest" name="getResources" time="4.295"/>
</testsuite> <!-- tests.DataDrivenTest -->
