<?xml version="1.0" encoding="UTF-8"?>
<!-- Generated by org.testng.reporters.JUnitReportReporter -->
<testsuite hostname="LPT1627-B1" failures="0" tests="5" name="tests.CreateBooking" time="10.108" errors="0" timestamp="2025-11-01T14:59:16 IST" skipped="0">
  <testcase classname="tests.CreateBooking" name="getResources" time="3.216"/>
  <testcase classname="tests.CreateBooking" name="verifyBookingUpdated" time="1.156"/>
  <testcase classname="tests.CreateBooking" name="deleteBooking" time="1.137"/>
  <testcase classname="tests.CreateBooking" name="updateBooking" time="1.129"/>
  <testcase classname="tests.CreateBooking" name="createBookingTest" time="3.470"/>
</testsuite> <!-- tests.CreateBooking -->
